0 info it worked if it ends with ok
1 verbose cli [ '/usr/local/bin/node',
1 verbose cli   '/usr/local/bin/npm',
1 verbose cli   'install',
1 verbose cli   '-g',
1 verbose cli   'node-inspector' ]
2 info using npm@2.15.5
3 info using node@v4.4.5
4 verbose install initial load of /usr/local/lib/package.json
5 verbose readDependencies loading dependencies from /usr/local/lib/package.json
6 silly cache add args [ 'node-inspector', null ]
7 verbose cache add spec node-inspector
8 silly cache add parsed spec Result {
8 silly cache add   raw: 'node-inspector',
8 silly cache add   scope: null,
8 silly cache add   name: 'node-inspector',
8 silly cache add   rawSpec: '',
8 silly cache add   spec: 'latest',
8 silly cache add   type: 'tag' }
9 silly addNamed node-inspector@latest
10 verbose addNamed "latest" is being treated as a dist-tag for node-inspector
11 info addNameTag [ 'node-inspector', 'latest' ]
12 silly mapToRegistry name node-inspector
13 silly mapToRegistry using default registry
14 silly mapToRegistry registry https://registry.npmjs.org/
15 silly mapToRegistry data Result {
15 silly mapToRegistry   raw: 'node-inspector',
15 silly mapToRegistry   scope: null,
15 silly mapToRegistry   name: 'node-inspector',
15 silly mapToRegistry   rawSpec: '',
15 silly mapToRegistry   spec: 'latest',
15 silly mapToRegistry   type: 'tag' }
16 silly mapToRegistry uri https://registry.npmjs.org/node-inspector
17 verbose addNameTag registry:https://registry.npmjs.org/node-inspector not in flight; fetching
18 verbose request uri https://registry.npmjs.org/node-inspector
19 verbose request no auth needed
20 info attempt registry request try #1 at 8:20:41 PM
21 verbose request id 4af8eb6190a6b255
22 verbose etag "D8L56IMUINEBYFKWIHVPKOVBP"
23 http request GET https://registry.npmjs.org/node-inspector
24 http 200 https://registry.npmjs.org/node-inspector
25 verbose headers { server: 'CouchDB/1.6.1 (Erlang OTP/R16B03)',
25 verbose headers   etag: '"5GUWARIT2WVLFJ85QQ38JYFLP"',
25 verbose headers   'content-type': 'application/json',
25 verbose headers   'content-encoding': 'gzip',
25 verbose headers   'cache-control': 'max-age=300',
25 verbose headers   'content-length': '19018',
25 verbose headers   'accept-ranges': 'bytes',
25 verbose headers   date: 'Fri, 30 Sep 2016 03:20:42 GMT',
25 verbose headers   via: '1.1 varnish',
25 verbose headers   age: '268',
25 verbose headers   connection: 'keep-alive',
25 verbose headers   'x-served-by': 'cache-lax8638-LAX',
25 verbose headers   'x-cache': 'HIT',
25 verbose headers   'x-cache-hits': '1',
25 verbose headers   'x-timer': 'S1475205642.939734,VS0,VE0',
25 verbose headers   vary: 'Accept-Encoding' }
26 silly get cb [ 200,
26 silly get   { server: 'CouchDB/1.6.1 (Erlang OTP/R16B03)',
26 silly get     etag: '"5GUWARIT2WVLFJ85QQ38JYFLP"',
26 silly get     'content-type': 'application/json',
26 silly get     'content-encoding': 'gzip',
26 silly get     'cache-control': 'max-age=300',
26 silly get     'content-length': '19018',
26 silly get     'accept-ranges': 'bytes',
26 silly get     date: 'Fri, 30 Sep 2016 03:20:42 GMT',
26 silly get     via: '1.1 varnish',
26 silly get     age: '268',
26 silly get     connection: 'keep-alive',
26 silly get     'x-served-by': 'cache-lax8638-LAX',
26 silly get     'x-cache': 'HIT',
26 silly get     'x-cache-hits': '1',
26 silly get     'x-timer': 'S1475205642.939734,VS0,VE0',
26 silly get     vary: 'Accept-Encoding' } ]
27 verbose get saving node-inspector to /Users/KatieWitham/.npm/registry.npmjs.org/node-inspector/.cache.json
28 verbose correctMkdir /Users/KatieWitham/.npm correctMkdir not in flight; initializing
29 silly addNameTag next cb for node-inspector with tag latest
30 silly addNamed node-inspector@0.12.8
31 verbose addNamed "0.12.8" is a plain semver version for node-inspector
32 silly cache afterAdd node-inspector@0.12.8
33 verbose afterAdd /Users/KatieWitham/.npm/node-inspector/0.12.8/package/package.json not in flight; writing
34 verbose correctMkdir /Users/KatieWitham/.npm correctMkdir not in flight; initializing
35 verbose afterAdd /Users/KatieWitham/.npm/node-inspector/0.12.8/package/package.json written
36 silly install resolved [ { name: 'node-inspector',
36 silly install resolved     version: '0.12.8',
36 silly install resolved     description: 'Web Inspector based nodeJS debugger',
36 silly install resolved     homepage: 'http://github.com/node-inspector/node-inspector',
36 silly install resolved     author: { name: 'Danny Coates', email: 'dannycoates@gmail.com' },
36 silly install resolved     keywords: [ 'debug', 'debugger', 'inspector', 'profiler' ],
36 silly install resolved     repository:
36 silly install resolved      { type: 'git',
36 silly install resolved        url: 'git+ssh://git@github.com/node-inspector/node-inspector.git' },
36 silly install resolved     engines: { node: '>=0.8.0' },
36 silly install resolved     bin:
36 silly install resolved      { 'node-inspector': './bin/inspector.js',
36 silly install resolved        'node-debug': './bin/node-debug.js' },
36 silly install resolved     dependencies:
36 silly install resolved      { async: '~0.9',
36 silly install resolved        'biased-opener': '~0.2.2',
36 silly install resolved        debug: '^2.2.0',
36 silly install resolved        express: '^4.12.3',
36 silly install resolved        glob: '^5.0.5',
36 silly install resolved        'path-is-absolute': '^1.0.0',
36 silly install resolved        rc: '^1.0.1',
36 silly install resolved        semver: '^4.3.4',
36 silly install resolved        'serve-favicon': '^2.1.1',
36 silly install resolved        'strong-data-uri': '^1.0.0',
36 silly install resolved        'v8-debug': '~0.7.1',
36 silly install resolved        'v8-profiler': '~5.6.0',
36 silly install resolved        which: '^1.1.1',
36 silly install resolved        ws: '^1.0.1',
36 silly install resolved        yargs: '^3.9.0' },
36 silly install resolved     devDependencies:
36 silly install resolved      { promise: '^7.0.3',
36 silly install resolved        mocha: '^1.21',
36 silly install resolved        chai: '^2.1',
36 silly install resolved        jshint: '^2.4.4',
36 silly install resolved        'fs-extra': '~0.8.1' },
36 silly install resolved     preferGlobal: true,
36 silly install resolved     scripts:
36 silly install resolved      { pretest: 'jshint .',
36 silly install resolved        test: 'mocha',
36 silly install resolved        'generate-front-end': 'node --harmony tools/generate-front-end' },
36 silly install resolved     contributors:
36 silly install resolved      [ [Object],
36 silly install resolved        [Object],
36 silly install resolved        [Object],
36 silly install resolved        [Object],
36 silly install resolved        [Object],
36 silly install resolved        [Object],
36 silly install resolved        [Object],
36 silly install resolved        [Object],
36 silly install resolved        [Object],
36 silly install resolved        [Object],
36 silly install resolved        [Object],
36 silly install resolved        [Object],
36 silly install resolved        [Object],
36 silly install resolved        [Object],
36 silly install resolved        [Object],
36 silly install resolved        [Object],
36 silly install resolved        [Object],
36 silly install resolved        [Object],
36 silly install resolved        [Object],
36 silly install resolved        [Object],
36 silly install resolved        [Object],
36 silly install resolved        [Object],
36 silly install resolved        [Object],
36 silly install resolved        [Object],
36 silly install resolved        [Object],
36 silly install resolved        [Object],
36 silly install resolved        [Object],
36 silly install resolved        [Object],
36 silly install resolved        [Object],
36 silly install resolved        [Object],
36 silly install resolved        [Object] ],
36 silly install resolved     gitHead: 'c2dd1eb0129d3d27528a09a8c1d0997f9485ed3c',
36 silly install resolved     bugs: { url: 'https://github.com/node-inspector/node-inspector/issues' },
36 silly install resolved     _id: 'node-inspector@0.12.8',
36 silly install resolved     _shasum: 'a59c3dc47cb08d15a2e526be3a1da7d64e5c227f',
36 silly install resolved     _from: 'node-inspector@latest',
36 silly install resolved     _npmVersion: '2.14.12',
36 silly install resolved     _nodeVersion: '4.3.0',
36 silly install resolved     _npmUser: { name: '3y3', email: '3y3@bk.ru' },
36 silly install resolved     dist:
36 silly install resolved      { shasum: 'a59c3dc47cb08d15a2e526be3a1da7d64e5c227f',
36 silly install resolved        tarball: 'https://registry.npmjs.org/node-inspector/-/node-inspector-0.12.8.tgz' },
36 silly install resolved     maintainers: [ [Object], [Object], [Object], [Object], [Object] ],
36 silly install resolved     _npmOperationalInternal:
36 silly install resolved      { host: 'packages-12-west.internal.npmjs.com',
36 silly install resolved        tmp: 'tmp/node-inspector-0.12.8.tgz_1460144653202_0.7097845498938113' },
36 silly install resolved     directories: {},
36 silly install resolved     _resolved: 'https://registry.npmjs.org/node-inspector/-/node-inspector-0.12.8.tgz',
36 silly install resolved     readme: 'ERROR: No README data found!' } ]
37 info install node-inspector@0.12.8 into /usr/local/lib
38 info installOne node-inspector@0.12.8
39 verbose installOne of node-inspector to /usr/local/lib not in flight; installing
40 verbose correctMkdir /Users/KatieWitham/.npm/_locks correctMkdir not in flight; initializing
41 verbose lock using /Users/KatieWitham/.npm/_locks/node-inspector-885d0a05b8e6718d.lock for /usr/local/lib/node_modules/node-inspector
42 silly install write writing node-inspector 0.12.8 to /usr/local/lib/node_modules/node-inspector
43 verbose unbuild lib/node_modules/node-inspector
44 info preuninstall node-inspector@0.12.8
45 info uninstall node-inspector@0.12.8
46 verbose unbuild rmStuff node-inspector@0.12.8 from /usr/local/lib/node_modules
47 silly gentlyRm /usr/local/bin/node-inspector is being gently removed
48 silly gentlyRm verifying /usr/local is an npm working directory
49 silly gentlyRm /usr/local/bin/node-debug is being gently removed
50 silly gentlyRm verifying /usr/local is an npm working directory
51 silly gentlyRm containing path /usr/local is under npm's control, in /usr/local
52 silly gentlyRm deletion target /usr/local/bin/node-inspector is under /usr/local
53 verbose gentlyRm vacuuming from /usr/local/bin/node-inspector up to /usr/local
54 silly gentlyRm containing path /usr/local is under npm's control, in /usr/local
55 silly gentlyRm deletion target /usr/local/bin/node-debug is under /usr/local
56 verbose gentlyRm vacuuming from /usr/local/bin/node-debug up to /usr/local
57 silly vacuum-fs removing /usr/local/bin/node-inspector
58 silly vacuum-fs removing /usr/local/bin/node-debug
59 silly vacuum-fs quitting because other entries in /usr/local/bin
60 silly vacuum-fs quitting because other entries in /usr/local/bin
61 info postuninstall node-inspector@0.12.8
62 silly gentlyRm /usr/local/lib/node_modules/node-inspector is being purged from base /usr/local
63 verbose gentlyRm don't care about contents; nuking /usr/local/lib/node_modules/node-inspector
64 silly vacuum-fs purging /usr/local/lib/node_modules/node-inspector
65 verbose unlock done using /Users/KatieWitham/.npm/_locks/node-inspector-885d0a05b8e6718d.lock for /usr/local/lib/node_modules/node-inspector
66 verbose stack Error: EACCES: permission denied, rmdir '/usr/local/lib/node_modules/node-inspector'
66 verbose stack     at Error (native)
67 verbose cwd /Users/KatieWitham/Desktop/bootcamp/week12/FriendFinder
68 error Darwin 14.5.0
69 error argv "/usr/local/bin/node" "/usr/local/bin/npm" "install" "-g" "node-inspector"
70 error node v4.4.5
71 error npm  v2.15.5
72 error path /usr/local/lib/node_modules/node-inspector
73 error code EACCES
74 error errno -13
75 error syscall rmdir
76 error Error: EACCES: permission denied, rmdir '/usr/local/lib/node_modules/node-inspector'
76 error     at Error (native)
76 error  { [Error: EACCES: permission denied, rmdir '/usr/local/lib/node_modules/node-inspector']
76 error   errno: -13,
76 error   code: 'EACCES',
76 error   syscall: 'rmdir',
76 error   path: '/usr/local/lib/node_modules/node-inspector' }
77 error Please try running this command again as root/Administrator.
78 verbose exit [ -13, true ]
79 verbose unbuild lib/node_modules/node-inspector
80 info preuninstall node-inspector@0.12.8
81 info uninstall node-inspector@0.12.8
82 verbose unbuild rmStuff node-inspector@0.12.8 from /usr/local/lib/node_modules
83 silly gentlyRm /usr/local/bin/node-inspector is being gently removed
84 silly gentlyRm verifying /usr/local is an npm working directory
85 silly gentlyRm /usr/local/bin/node-debug is being gently removed
86 silly gentlyRm verifying /usr/local is an npm working directory
87 silly gentlyRm containing path /usr/local is under npm's control, in /usr/local
88 silly gentlyRm deletion target /usr/local/bin/node-inspector is under /usr/local
89 verbose gentlyRm vacuuming from /usr/local/bin/node-inspector up to /usr/local
90 silly gentlyRm containing path /usr/local is under npm's control, in /usr/local
91 silly gentlyRm deletion target /usr/local/bin/node-debug is under /usr/local
92 verbose gentlyRm vacuuming from /usr/local/bin/node-debug up to /usr/local
93 info postuninstall node-inspector@0.12.8
94 silly gentlyRm /usr/local/lib/node_modules/node-inspector is being purged from base /usr/local
95 verbose gentlyRm don't care about contents; nuking /usr/local/lib/node_modules/node-inspector
96 silly vacuum-fs purging /usr/local/lib/node_modules/node-inspector
97 error error rolling back Error: EACCES: permission denied, rmdir '/usr/local/lib/node_modules/node-inspector'
97 error error rolling back     at Error (native)
97 error error rolling back  { [Error: EACCES: permission denied, rmdir '/usr/local/lib/node_modules/node-inspector']
97 error error rolling back   errno: -13,
97 error error rolling back   code: 'EACCES',
97 error error rolling back   syscall: 'rmdir',
97 error error rolling back   path: '/usr/local/lib/node_modules/node-inspector' }
